{
  "RSpec": {
    "coverage": {
      "/Users/davidelliot/git/laa-great-ideas/config/environment.rb": [
        null,
        1,
        null,
        null,
        1
      ],
      "/Users/davidelliot/git/laa-great-ideas/config/application.rb": [
        1,
        null,
        1,
        null,
        null,
        null,
        1,
        null,
        1,
        1,
        null,
        1,
        null,
        1,
        null,
        null,
        null,
        null,
        null,
        null,
        null
      ],
      "/Users/davidelliot/git/laa-great-ideas/config/boot.rb": [
        1,
        null,
        1,
        1
      ],
      "/Users/davidelliot/git/laa-great-ideas/config/environments/test.rb": [
        1,
        null,
        null,
        null,
        null,
        null,
        null,
        1,
        null,
        null,
        null,
        null,
        1,
        null,
        null,
        1,
        1,
        null,
        null,
        null,
        null,
        1,
        1,
        null,
        null,
        1,
        null,
        null,
        1,
        null,
        null,
        1,
        null,
        1,
        null,
        null,
        null,
        null,
        1,
        null,
        null,
        1,
        null,
        null,
        null,
        null
      ],
      "/Users/davidelliot/git/laa-great-ideas/config/initializers/application_controller_renderer.rb": [
        null,
        null,
        null,
        null,
        null,
        null,
        null,
        null
      ],
      "/Users/davidelliot/git/laa-great-ideas/config/initializers/assets.rb": [
        null,
        null,
        null,
        1,
        null,
        null,
        null,
        null,
        1,
        null,
        null,
        null,
        null,
        null
      ],
      "/Users/davidelliot/git/laa-great-ideas/config/initializers/backtrace_silencers.rb": [
        null,
        null,
        null,
        null,
        null,
        null,
        null
      ],
      "/Users/davidelliot/git/laa-great-ideas/config/initializers/content_security_policy.rb": [
        null,
        null,
        null,
        null,
        null,
        null,
        null,
        null,
        null,
        null,
        null,
        null,
        null,
        null,
        null,
        null,
        null,
        null,
        null,
        null,
        null,
        null,
        null,
        null,
        null
      ],
      "/Users/davidelliot/git/laa-great-ideas/config/initializers/cookies_serializer.rb": [
        null,
        null,
        null,
        null,
        1
      ],
      "/Users/davidelliot/git/laa-great-ideas/config/initializers/devise.rb": [
        null,
        null,
        null,
        null,
        1,
        null,
        null,
        null,
        null,
        null,
        null,
        null,
        null,
        null,
        null,
        null,
        null,
        null,
        null,
        null,
        1,
        null,
        null,
        null,
        null,
        null,
        null,
        null,
        null,
        null,
        null,
        null,
        1,
        null,
        null,
        null,
        null,
        null,
        null,
        null,
        null,
        null,
        null,
        null,
        null,
        null,
        null,
        null,
        null,
        null,
        null,
        null,
        null,
        null,
        1,
        null,
        null,
        null,
        null,
        1,
        null,
        null,
        null,
        null,
        null,
        null,
        null,
        null,
        null,
        null,
        null,
        null,
        null,
        null,
        null,
        null,
        null,
        null,
        null,
        null,
        null,
        null,
        null,
        null,
        null,
        null,
        null,
        null,
        null,
        null,
        1,
        null,
        null,
        null,
        null,
        null,
        null,
        null,
        null,
        null,
        null,
        null,
        null,
        null,
        null,
        null,
        null,
        null,
        null,
        null,
        null,
        null,
        null,
        1,
        null,
        null,
        null,
        null,
        null,
        null,
        null,
        null,
        null,
        null,
        null,
        null,
        null,
        null,
        null,
        null,
        null,
        null,
        null,
        null,
        null,
        null,
        null,
        null,
        null,
        null,
        null,
        null,
        null,
        null,
        1,
        null,
        null,
        null,
        null,
        null,
        null,
        null,
        null,
        null,
        1,
        null,
        null,
        null,
        null,
        null,
        null,
        null,
        null,
        null,
        null,
        1,
        null,
        null,
        null,
        null,
        1,
        null,
        null,
        null,
        null,
        null,
        null,
        null,
        null,
        null,
        null,
        null,
        null,
        null,
        null,
        null,
        null,
        null,
        null,
        null,
        null,
        null,
        null,
        null,
        null,
        null,
        null,
        null,
        null,
        null,
        null,
        null,
        null,
        null,
        null,
        null,
        null,
        null,
        null,
        null,
        null,
        1,
        null,
        null,
        null,
        null,
        null,
        null,
        null,
        null,
        null,
        null,
        null,
        null,
        null,
        null,
        null,
        null,
        null,
        null,
        null,
        null,
        null,
        null,
        null,
        null,
        null,
        null,
        null,
        null,
        null,
        null,
        null,
        null,
        null,
        null,
        null,
        null,
        null,
        null,
        null,
        null,
        null,
        1,
        null,
        null,
        null,
        null,
        null,
        null,
        null,
        null,
        null,
        null,
        null,
        null,
        null,
        null,
        null,
        null,
        null,
        null,
        null,
        null,
        null,
        null,
        null,
        null,
        null,
        null,
        null,
        null,
        null,
        null,
        null,
        null,
        null,
        null,
        null,
        null
      ],
      "/Users/davidelliot/git/laa-great-ideas/config/initializers/filter_parameter_logging.rb": [
        null,
        null,
        null,
        1
      ],
      "/Users/davidelliot/git/laa-great-ideas/config/initializers/inflections.rb": [
        null,
        null,
        null,
        null,
        null,
        null,
        null,
        null,
        null,
        null,
        null,
        null,
        null,
        null,
        null,
        null
      ],
      "/Users/davidelliot/git/laa-great-ideas/config/initializers/mime_types.rb": [
        null,
        null,
        null,
        null
      ],
      "/Users/davidelliot/git/laa-great-ideas/config/initializers/wrap_parameters.rb": [
        null,
        null,
        null,
        null,
        null,
        null,
        1,
        2,
        null,
        null,
        null,
        null,
        null,
        null
      ],
      "/Users/davidelliot/git/laa-great-ideas/config/routes.rb": [
        1,
        1,
        1,
        null,
        null,
        1,
        null
      ],
      "/Users/davidelliot/git/laa-great-ideas/app/models/user.rb": [
        1,
        1,
        null,
        null,
        1,
        null,
        null
      ],
      "/Users/davidelliot/git/laa-great-ideas/app/models/application_record.rb": [
        1,
        1,
        null
      ],
      "/Users/davidelliot/git/laa-great-ideas/app/helpers/application_helper.rb": [
        1,
        null
      ],
      "/Users/davidelliot/git/laa-great-ideas/app/helpers/ideas_helper.rb": [
        1,
        null
      ],
      "/Users/davidelliot/git/laa-great-ideas/app/controllers/ideas_controller.rb": [
        1,
        1,
        null,
        null,
        null,
        1,
        2,
        null,
        null,
        null,
        null,
        1,
        null,
        null,
        null,
        1,
        1,
        null,
        null,
        null,
        1,
        null,
        null,
        null,
        null,
        1,
        3,
        null,
        3,
        3,
        4,
        2,
        null,
        2,
        1,
        null,
        null,
        null,
        null,
        null,
        null,
        1,
        3,
        3,
        4,
        2,
        null,
        2,
        1,
        null,
        null,
        null,
        null,
        null,
        null,
        1,
        2,
        2,
        4,
        2,
        null,
        null,
        null,
        1,
        null,
        1,
        7,
        null,
        null,
        null,
        1,
        6,
        null,
        null
      ],
      "/Users/davidelliot/git/laa-great-ideas/app/controllers/application_controller.rb": [
        1,
        1,
        null
      ],
      "/Users/davidelliot/git/laa-great-ideas/spec/helpers/ideas_helper_spec.rb": [
        1,
        null,
        null,
        null,
        null,
        null,
        null,
        null,
        null,
        null,
        null,
        null,
        null
      ],
      "/Users/davidelliot/git/laa-great-ideas/spec/models/idea_spec.rb": [
        1,
        null,
        1,
        1,
        2,
        null,
        null,
        1,
        2,
        null,
        null,
        null
      ],
      "/Users/davidelliot/git/laa-great-ideas/app/models/idea.rb": [
        1,
        1,
        1,
        null
      ],
      "/Users/davidelliot/git/laa-great-ideas/spec/models/user_spec.rb": [
        1,
        null,
        1,
        1,
        2,
        null,
        null,
        1,
        2,
        null,
        null
      ],
      "/Users/davidelliot/git/laa-great-ideas/spec/requests/ideas_spec.rb": [
        1,
        null,
        1,
        null,
        1,
        null,
        1,
        1,
        1,
        null,
        null,
        1,
        1,
        1,
        1,
        null,
        null,
        null,
        null,
        null,
        1,
        1,
        1,
        1,
        1,
        null,
        null,
        null,
        null,
        null
      ],
      "/Users/davidelliot/git/laa-great-ideas/spec/routing/ideas_routing_spec.rb": [
        1,
        null,
        1,
        1,
        1,
        1,
        null,
        null,
        1,
        1,
        null,
        null,
        1,
        1,
        null,
        null,
        1,
        1,
        null,
        null,
        null,
        1,
        1,
        null,
        null,
        1,
        1,
        null,
        null,
        1,
        1,
        null,
        null,
        1,
        1,
        null,
        null,
        null
      ]
    },
    "timestamp": 1539615065
  }
}
